MAIN[0][18][1]
MOVE v0 4
MOVE s0 v0
MOVE v0 HALLOCATE s0
MOVE s1 v0
MOVE s0 s1
MOVE v0 4
MOVE s1 v0
MOVE v0 HALLOCATE s1
MOVE s2 v0
MOVE s1 s2
MOVE s2 LL_Start
HSTORE s0 0 s2
HSTORE s1 0 s0
MOVE s0 s1
HLOAD s1 s0 0
HLOAD s2 s1 0
ASTORE SPILLEDARG 8 t0
ASTORE SPILLEDARG 9 t1
ASTORE SPILLEDARG 10 t2
ASTORE SPILLEDARG 11 t3
ASTORE SPILLEDARG 12 t4
ASTORE SPILLEDARG 13 t5
ASTORE SPILLEDARG 14 t6
ASTORE SPILLEDARG 15 t7
ASTORE SPILLEDARG 16 t8
ASTORE SPILLEDARG 17 t9
MOVE a0 s0
PASSARG 1 s0
CALL s2
ALOAD t0 SPILLEDARG 8
ALOAD t1 SPILLEDARG 9
ALOAD t2 SPILLEDARG 10
ALOAD t3 SPILLEDARG 11
ALOAD t4 SPILLEDARG 12
ALOAD t5 SPILLEDARG 13
ALOAD t6 SPILLEDARG 14
ALOAD t7 SPILLEDARG 15
ALOAD t8 SPILLEDARG 16
ALOAD t9 SPILLEDARG 17
MOVE v1 v0
MOVE s1 v1
PRINT s1
END
//NOTSPILLED
Element_Init[4][22][0]
ASTORE SPILLEDARG 4 s0
ASTORE SPILLEDARG 5 s1
ASTORE SPILLEDARG 6 s2
ASTORE SPILLEDARG 7 s3
ASTORE SPILLEDARG 8 s4
ASTORE SPILLEDARG 9 s5
ASTORE SPILLEDARG 10 s6
ASTORE SPILLEDARG 11 s7
ALOAD v1 SPILLEDARG 1
HSTORE v0 4 v1
ALOAD v1 SPILLEDARG 2
HSTORE v0 8 v1
ALOAD v1 SPILLEDARG 3
HSTORE v0 12 v1
MOVE v0 1
MOVE s0 v0
MOVE v0 s0
ALOAD s0 SPILLEDARG 4
ALOAD s1 SPILLEDARG 5
ALOAD s2 SPILLEDARG 6
ALOAD s3 SPILLEDARG 7
ALOAD s4 SPILLEDARG 8
ALOAD s5 SPILLEDARG 9
ALOAD s6 SPILLEDARG 10
ALOAD s7 SPILLEDARG 11
END
//NOTSPILLED
Element_GetAge[1][19][0]
ASTORE SPILLEDARG 1 s0
ASTORE SPILLEDARG 2 s1
ASTORE SPILLEDARG 3 s2
ASTORE SPILLEDARG 4 s3
ASTORE SPILLEDARG 5 s4
ASTORE SPILLEDARG 6 s5
ASTORE SPILLEDARG 7 s6
ASTORE SPILLEDARG 8 s7
ALOAD v1 SPILLEDARG 0
HLOAD s0 v1 4
MOVE v0 s0
ALOAD s0 SPILLEDARG 1
ALOAD s1 SPILLEDARG 2
ALOAD s2 SPILLEDARG 3
ALOAD s3 SPILLEDARG 4
ALOAD s4 SPILLEDARG 5
ALOAD s5 SPILLEDARG 6
ALOAD s6 SPILLEDARG 7
ALOAD s7 SPILLEDARG 8
END
//NOTSPILLED
Element_GetSalary[1][19][0]
ASTORE SPILLEDARG 1 s0
ASTORE SPILLEDARG 2 s1
ASTORE SPILLEDARG 3 s2
ASTORE SPILLEDARG 4 s3
ASTORE SPILLEDARG 5 s4
ASTORE SPILLEDARG 6 s5
ASTORE SPILLEDARG 7 s6
ASTORE SPILLEDARG 8 s7
ALOAD v1 SPILLEDARG 0
HLOAD s0 v1 8
MOVE v0 s0
ALOAD s0 SPILLEDARG 1
ALOAD s1 SPILLEDARG 2
ALOAD s2 SPILLEDARG 3
ALOAD s3 SPILLEDARG 4
ALOAD s4 SPILLEDARG 5
ALOAD s5 SPILLEDARG 6
ALOAD s6 SPILLEDARG 7
ALOAD s7 SPILLEDARG 8
END
//NOTSPILLED
Element_GetMarried[1][19][0]
ASTORE SPILLEDARG 1 s0
ASTORE SPILLEDARG 2 s1
ASTORE SPILLEDARG 3 s2
ASTORE SPILLEDARG 4 s3
ASTORE SPILLEDARG 5 s4
ASTORE SPILLEDARG 6 s5
ASTORE SPILLEDARG 7 s6
ASTORE SPILLEDARG 8 s7
ALOAD v1 SPILLEDARG 0
HLOAD s0 v1 12
MOVE v0 s0
ALOAD s0 SPILLEDARG 1
ALOAD s1 SPILLEDARG 2
ALOAD s2 SPILLEDARG 3
ALOAD s3 SPILLEDARG 4
ALOAD s4 SPILLEDARG 5
ALOAD s5 SPILLEDARG 6
ALOAD s6 SPILLEDARG 7
ALOAD s7 SPILLEDARG 8
END
//NOTSPILLED
Element_Equal[2][20][3]
ASTORE SPILLEDARG 2 s0
ASTORE SPILLEDARG 3 s1
ASTORE SPILLEDARG 4 s2
ASTORE SPILLEDARG 5 s3
ASTORE SPILLEDARG 6 s4
ASTORE SPILLEDARG 7 s5
ASTORE SPILLEDARG 8 s6
ASTORE SPILLEDARG 9 s7
MOVE v0 1
MOVE s0 v0
MOVE s1 s0
ALOAD v0 SPILLEDARG 1
MOVE s0 v0
HLOAD s2 s0 0
HLOAD s3 s2 4
ASTORE SPILLEDARG 10 t0
ASTORE SPILLEDARG 11 t1
ASTORE SPILLEDARG 12 t2
ASTORE SPILLEDARG 13 t3
ASTORE SPILLEDARG 14 t4
ASTORE SPILLEDARG 15 t5
ASTORE SPILLEDARG 16 t6
ASTORE SPILLEDARG 17 t7
ASTORE SPILLEDARG 18 t8
ASTORE SPILLEDARG 19 t9
MOVE a0 s0
PASSARG 1 s0
CALL s3
ALOAD t0 SPILLEDARG 10
ALOAD t1 SPILLEDARG 11
ALOAD t2 SPILLEDARG 12
ALOAD t3 SPILLEDARG 13
ALOAD t4 SPILLEDARG 14
ALOAD t5 SPILLEDARG 15
ALOAD t6 SPILLEDARG 16
ALOAD t7 SPILLEDARG 17
ALOAD t8 SPILLEDARG 18
ALOAD t9 SPILLEDARG 19
MOVE v1 v0
MOVE s2 v1
MOVE s0 s2
MOVE v0 1
MOVE s2 v0
ALOAD v0 SPILLEDARG 0
MOVE s3 v0
HLOAD s4 s3 0
HLOAD s5 s4 20
ALOAD v1 SPILLEDARG 0
HLOAD s4 v1 4
ASTORE SPILLEDARG 10 t0
ASTORE SPILLEDARG 11 t1
ASTORE SPILLEDARG 12 t2
ASTORE SPILLEDARG 13 t3
ASTORE SPILLEDARG 14 t4
ASTORE SPILLEDARG 15 t5
ASTORE SPILLEDARG 16 t6
ASTORE SPILLEDARG 17 t7
ASTORE SPILLEDARG 18 t8
ASTORE SPILLEDARG 19 t9
MOVE a0 s3
PASSARG 1 s3
MOVE a1 s0
PASSARG 2 s0
MOVE a2 s4
PASSARG 3 s4
CALL s5
ALOAD t0 SPILLEDARG 10
ALOAD t1 SPILLEDARG 11
ALOAD t2 SPILLEDARG 12
ALOAD t3 SPILLEDARG 13
ALOAD t4 SPILLEDARG 14
ALOAD t5 SPILLEDARG 15
ALOAD t6 SPILLEDARG 16
ALOAD t7 SPILLEDARG 17
ALOAD t8 SPILLEDARG 18
ALOAD t9 SPILLEDARG 19
MOVE v1 v0
MOVE s6 v1
MOVE v0 MINUS s2 s6
MOVE s0 v0
CJUMP s0 L2
MOVE v0 0
MOVE s0 v0
MOVE s1 s0
JUMP L3
L2
ALOAD v0 SPILLEDARG 1
MOVE s0 v0
HLOAD s2 s0 0
HLOAD s3 s2 8
ASTORE SPILLEDARG 10 t0
ASTORE SPILLEDARG 11 t1
ASTORE SPILLEDARG 12 t2
ASTORE SPILLEDARG 13 t3
ASTORE SPILLEDARG 14 t4
ASTORE SPILLEDARG 15 t5
ASTORE SPILLEDARG 16 t6
ASTORE SPILLEDARG 17 t7
ASTORE SPILLEDARG 18 t8
ASTORE SPILLEDARG 19 t9
MOVE a0 s0
PASSARG 1 s0
CALL s3
ALOAD t0 SPILLEDARG 10
ALOAD t1 SPILLEDARG 11
ALOAD t2 SPILLEDARG 12
ALOAD t3 SPILLEDARG 13
ALOAD t4 SPILLEDARG 14
ALOAD t5 SPILLEDARG 15
ALOAD t6 SPILLEDARG 16
ALOAD t7 SPILLEDARG 17
ALOAD t8 SPILLEDARG 18
ALOAD t9 SPILLEDARG 19
MOVE v1 v0
MOVE s2 v1
MOVE s0 s2
MOVE v0 1
MOVE s2 v0
ALOAD v0 SPILLEDARG 0
MOVE s3 v0
HLOAD s4 s3 0
HLOAD s5 s4 20
ALOAD v1 SPILLEDARG 0
HLOAD s4 v1 8
ASTORE SPILLEDARG 10 t0
ASTORE SPILLEDARG 11 t1
ASTORE SPILLEDARG 12 t2
ASTORE SPILLEDARG 13 t3
ASTORE SPILLEDARG 14 t4
ASTORE SPILLEDARG 15 t5
ASTORE SPILLEDARG 16 t6
ASTORE SPILLEDARG 17 t7
ASTORE SPILLEDARG 18 t8
ASTORE SPILLEDARG 19 t9
MOVE a0 s3
PASSARG 1 s3
MOVE a1 s0
PASSARG 2 s0
MOVE a2 s4
PASSARG 3 s4
CALL s5
ALOAD t0 SPILLEDARG 10
ALOAD t1 SPILLEDARG 11
ALOAD t2 SPILLEDARG 12
ALOAD t3 SPILLEDARG 13
ALOAD t4 SPILLEDARG 14
ALOAD t5 SPILLEDARG 15
ALOAD t6 SPILLEDARG 16
ALOAD t7 SPILLEDARG 17
ALOAD t8 SPILLEDARG 18
ALOAD t9 SPILLEDARG 19
MOVE v1 v0
MOVE s6 v1
MOVE v0 MINUS s2 s6
MOVE s0 v0
CJUMP s0 L4
MOVE v0 0
MOVE s0 v0
MOVE s1 s0
JUMP L5
L4
ALOAD v1 SPILLEDARG 0
HLOAD s0 v1 12
CJUMP s0 L6
MOVE v0 1
MOVE s0 v0
ALOAD v0 SPILLEDARG 1
MOVE s2 v0
HLOAD s3 s2 0
HLOAD s4 s3 12
ASTORE SPILLEDARG 10 t0
ASTORE SPILLEDARG 11 t1
ASTORE SPILLEDARG 12 t2
ASTORE SPILLEDARG 13 t3
ASTORE SPILLEDARG 14 t4
ASTORE SPILLEDARG 15 t5
ASTORE SPILLEDARG 16 t6
ASTORE SPILLEDARG 17 t7
ASTORE SPILLEDARG 18 t8
ASTORE SPILLEDARG 19 t9
MOVE a0 s2
PASSARG 1 s2
CALL s4
ALOAD t0 SPILLEDARG 10
ALOAD t1 SPILLEDARG 11
ALOAD t2 SPILLEDARG 12
ALOAD t3 SPILLEDARG 13
ALOAD t4 SPILLEDARG 14
ALOAD t5 SPILLEDARG 15
ALOAD t6 SPILLEDARG 16
ALOAD t7 SPILLEDARG 17
ALOAD t8 SPILLEDARG 18
ALOAD t9 SPILLEDARG 19
MOVE v1 v0
MOVE s3 v1
MOVE v0 MINUS s0 s3
MOVE s2 v0
CJUMP s2 L8
MOVE v0 0
MOVE s0 v0
MOVE s1 s0
JUMP L9
L8
MOVE v0 0
MOVE s0 v0
L9
NOOP
JUMP L7
L6
ALOAD v0 SPILLEDARG 1
MOVE s0 v0
HLOAD s2 s0 0
HLOAD s3 s2 12
ASTORE SPILLEDARG 10 t0
ASTORE SPILLEDARG 11 t1
ASTORE SPILLEDARG 12 t2
ASTORE SPILLEDARG 13 t3
ASTORE SPILLEDARG 14 t4
ASTORE SPILLEDARG 15 t5
ASTORE SPILLEDARG 16 t6
ASTORE SPILLEDARG 17 t7
ASTORE SPILLEDARG 18 t8
ASTORE SPILLEDARG 19 t9
MOVE a0 s0
PASSARG 1 s0
CALL s3
ALOAD t0 SPILLEDARG 10
ALOAD t1 SPILLEDARG 11
ALOAD t2 SPILLEDARG 12
ALOAD t3 SPILLEDARG 13
ALOAD t4 SPILLEDARG 14
ALOAD t5 SPILLEDARG 15
ALOAD t6 SPILLEDARG 16
ALOAD t7 SPILLEDARG 17
ALOAD t8 SPILLEDARG 18
ALOAD t9 SPILLEDARG 19
MOVE v1 v0
MOVE s2 v1
CJUMP s2 L10
MOVE v0 0
MOVE s0 v0
MOVE s1 s0
JUMP L11
L10
MOVE v0 0
MOVE s0 v0
L11
NOOP
L7
NOOP
L5
NOOP
L3
NOOP
MOVE v0 s1
ALOAD s0 SPILLEDARG 2
ALOAD s1 SPILLEDARG 3
ALOAD s2 SPILLEDARG 4
ALOAD s3 SPILLEDARG 5
ALOAD s4 SPILLEDARG 6
ALOAD s5 SPILLEDARG 7
ALOAD s6 SPILLEDARG 8
ALOAD s7 SPILLEDARG 9
END
//NOTSPILLED
Element_Compare[3][21][0]
ASTORE SPILLEDARG 3 s0
ASTORE SPILLEDARG 4 s1
ASTORE SPILLEDARG 5 s2
ASTORE SPILLEDARG 6 s3
ASTORE SPILLEDARG 7 s4
ASTORE SPILLEDARG 8 s5
ASTORE SPILLEDARG 9 s6
ASTORE SPILLEDARG 10 s7
MOVE v0 0
MOVE s0 v0
MOVE s2 s0
MOVE v0 1
MOVE s0 v0
ALOAD v0 SPILLEDARG 2
MOVE v0 PLUS v0 s0
MOVE s1 v0
MOVE s0 s1
MOVE v0 1
MOVE s1 v0
ALOAD v0 SPILLEDARG 2
MOVE v0 MINUS v0 s1
MOVE s2 v0
ALOAD v0 SPILLEDARG 1
MOVE v0 LE v0 s2
MOVE s1 v0
CJUMP s1 L12
MOVE v0 0
MOVE s1 v0
MOVE s2 s1
JUMP L13
L12
MOVE v0 1
MOVE s1 v0
MOVE v0 1
MOVE s3 v0
MOVE v0 MINUS s0 s3
MOVE s4 v0
ALOAD v0 SPILLEDARG 1
MOVE v0 LE v0 s4
MOVE s0 v0
MOVE v0 MINUS s1 s0
MOVE s3 v0
CJUMP s3 L14
MOVE v0 0
MOVE s0 v0
MOVE s2 s0
JUMP L15
L14
MOVE v0 1
MOVE s0 v0
MOVE s2 s0
L15
NOOP
L13
NOOP
MOVE v0 s2
ALOAD s0 SPILLEDARG 3
ALOAD s1 SPILLEDARG 4
ALOAD s2 SPILLEDARG 5
ALOAD s3 SPILLEDARG 6
ALOAD s4 SPILLEDARG 7
ALOAD s5 SPILLEDARG 8
ALOAD s6 SPILLEDARG 9
ALOAD s7 SPILLEDARG 10
END
//NOTSPILLED
List_Init[1][19][0]
ASTORE SPILLEDARG 1 s0
ASTORE SPILLEDARG 2 s1
ASTORE SPILLEDARG 3 s2
ASTORE SPILLEDARG 4 s3
ASTORE SPILLEDARG 5 s4
ASTORE SPILLEDARG 6 s5
ASTORE SPILLEDARG 7 s6
ASTORE SPILLEDARG 8 s7
MOVE v0 1
MOVE s0 v0
ALOAD v0 SPILLEDARG 0
HSTORE v0 12 s0
MOVE v0 1
MOVE s0 v0
MOVE v0 s0
ALOAD s0 SPILLEDARG 1
ALOAD s1 SPILLEDARG 2
ALOAD s2 SPILLEDARG 3
ALOAD s3 SPILLEDARG 4
ALOAD s4 SPILLEDARG 5
ALOAD s5 SPILLEDARG 6
ALOAD s6 SPILLEDARG 7
ALOAD s7 SPILLEDARG 8
END
//NOTSPILLED
List_InitNew[4][22][0]
ASTORE SPILLEDARG 4 s0
ASTORE SPILLEDARG 5 s1
ASTORE SPILLEDARG 6 s2
ASTORE SPILLEDARG 7 s3
ASTORE SPILLEDARG 8 s4
ASTORE SPILLEDARG 9 s5
ASTORE SPILLEDARG 10 s6
ASTORE SPILLEDARG 11 s7
ALOAD v1 SPILLEDARG 3
HSTORE v0 12 v1
ALOAD v1 SPILLEDARG 1
HSTORE v0 4 v1
ALOAD v1 SPILLEDARG 2
HSTORE v0 8 v1
MOVE v0 1
MOVE s0 v0
MOVE v0 s0
ALOAD s0 SPILLEDARG 4
ALOAD s1 SPILLEDARG 5
ALOAD s2 SPILLEDARG 6
ALOAD s3 SPILLEDARG 7
ALOAD s4 SPILLEDARG 8
ALOAD s5 SPILLEDARG 9
ALOAD s6 SPILLEDARG 10
ALOAD s7 SPILLEDARG 11
END
//NOTSPILLED
List_Insert[2][20][4]
ASTORE SPILLEDARG 2 s0
ASTORE SPILLEDARG 3 s1
ASTORE SPILLEDARG 4 s2
ASTORE SPILLEDARG 5 s3
ASTORE SPILLEDARG 6 s4
ASTORE SPILLEDARG 7 s5
ASTORE SPILLEDARG 8 s6
ASTORE SPILLEDARG 9 s7
ALOAD v0 SPILLEDARG 0
MOVE s0 v0
MOVE v0 40
MOVE s1 v0
MOVE v0 HALLOCATE s1
MOVE s2 v0
MOVE s1 s2
MOVE v0 16
MOVE s2 v0
MOVE v0 HALLOCATE s2
MOVE s3 v0
MOVE s2 s3
MOVE s3 List_Print
HSTORE s1 36 s3
MOVE s3 List_GetNext
HSTORE s1 32 s3
MOVE s3 List_GetElem
HSTORE s1 28 s3
MOVE s3 List_GetEnd
HSTORE s1 24 s3
MOVE s3 List_Search
HSTORE s1 20 s3
MOVE s3 List_Delete
HSTORE s1 16 s3
MOVE s3 List_SetNext
HSTORE s1 12 s3
MOVE s3 List_Insert
HSTORE s1 8 s3
MOVE s3 List_InitNew
HSTORE s1 4 s3
MOVE s3 List_Init
HSTORE s1 0 s3
MOVE v0 4
MOVE s3 v0
MOVE s4 s3
L16
MOVE v0 15
MOVE s3 v0
MOVE v0 LE s4 s3
MOVE s5 v0
CJUMP s5 L17
MOVE v0 PLUS s2 s4
MOVE s3 v0
MOVE v0 0
MOVE s5 v0
HSTORE s3 0 s5
MOVE v0 4
MOVE s3 v0
MOVE v0 PLUS s4 s3
MOVE s5 v0
MOVE s4 s5
JUMP L16
L17
HSTORE s2 0 s1
MOVE s1 s2
MOVE s2 s1
HLOAD s3 s2 0
HLOAD s4 s3 4
MOVE v0 0
MOVE s3 v0
ASTORE SPILLEDARG 10 t0
ASTORE SPILLEDARG 11 t1
ASTORE SPILLEDARG 12 t2
ASTORE SPILLEDARG 13 t3
ASTORE SPILLEDARG 14 t4
ASTORE SPILLEDARG 15 t5
ASTORE SPILLEDARG 16 t6
ASTORE SPILLEDARG 17 t7
ASTORE SPILLEDARG 18 t8
ASTORE SPILLEDARG 19 t9
MOVE a0 s2
PASSARG 1 s2
ALOAD v1 SPILLEDARG 1
MOVE a1 v1
PASSARG 2 v1
MOVE a2 s0
PASSARG 3 s0
MOVE a3 s3
PASSARG 4 s3
CALL s4
ALOAD t0 SPILLEDARG 10
ALOAD t1 SPILLEDARG 11
ALOAD t2 SPILLEDARG 12
ALOAD t3 SPILLEDARG 13
ALOAD t4 SPILLEDARG 14
ALOAD t5 SPILLEDARG 15
ALOAD t6 SPILLEDARG 16
ALOAD t7 SPILLEDARG 17
ALOAD t8 SPILLEDARG 18
ALOAD t9 SPILLEDARG 19
MOVE v1 v0
MOVE s5 v1
MOVE v0 s1
ALOAD s0 SPILLEDARG 2
ALOAD s1 SPILLEDARG 3
ALOAD s2 SPILLEDARG 4
ALOAD s3 SPILLEDARG 5
ALOAD s4 SPILLEDARG 6
ALOAD s5 SPILLEDARG 7
ALOAD s6 SPILLEDARG 8
ALOAD s7 SPILLEDARG 9
END
//NOTSPILLED
List_SetNext[2][20][0]
ASTORE SPILLEDARG 2 s0
ASTORE SPILLEDARG 3 s1
ASTORE SPILLEDARG 4 s2
ASTORE SPILLEDARG 5 s3
ASTORE SPILLEDARG 6 s4
ASTORE SPILLEDARG 7 s5
ASTORE SPILLEDARG 8 s6
ASTORE SPILLEDARG 9 s7
ALOAD v1 SPILLEDARG 1
HSTORE v0 8 v1
MOVE v0 1
MOVE s0 v0
MOVE v0 s0
ALOAD s0 SPILLEDARG 2
ALOAD s1 SPILLEDARG 3
ALOAD s2 SPILLEDARG 4
ALOAD s3 SPILLEDARG 5
ALOAD s4 SPILLEDARG 6
ALOAD s5 SPILLEDARG 7
ALOAD s6 SPILLEDARG 8
ALOAD s7 SPILLEDARG 9
END
//NOTSPILLED
List_Delete[2][20][2]
ASTORE SPILLEDARG 2 s0
ASTORE SPILLEDARG 3 s1
ASTORE SPILLEDARG 4 s2
ASTORE SPILLEDARG 5 s3
ASTORE SPILLEDARG 6 s4
ASTORE SPILLEDARG 7 s5
ASTORE SPILLEDARG 8 s6
ASTORE SPILLEDARG 9 s7
ALOAD v0 SPILLEDARG 0
MOVE s0 v0
MOVE v0 0
MOVE s1 v0
MOVE s2 s1
MOVE v0 0
MOVE s1 v0
MOVE v0 1
MOVE s3 v0
MOVE v0 MINUS s1 s3
MOVE s4 v0
MOVE s1 s4
ALOAD v0 SPILLEDARG 0
MOVE s3 v0
ALOAD v0 SPILLEDARG 0
MOVE s4 v0
ALOAD v1 SPILLEDARG 0
HLOAD s5 v1 12
MOVE s6 s5
ALOAD v1 SPILLEDARG 0
HLOAD s5 v1 4
MOVE s7 s5
L18
MOVE v0 0
MOVE s5 v0
MOVE t0 s5
MOVE v0 1
MOVE s5 v0
MOVE v0 MINUS s5 s6
MOVE t1 v0
CJUMP t1 L20
MOVE v0 1
MOVE s5 v0
MOVE v0 MINUS s5 s2
MOVE t1 v0
CJUMP t1 L20
MOVE v0 1
MOVE s5 v0
MOVE t0 s5
L20
NOOP
CJUMP t0 L19
ALOAD v0 SPILLEDARG 1
MOVE s5 v0
HLOAD t0 s5 0
HLOAD t1 t0 16
ASTORE SPILLEDARG 10 t0
ASTORE SPILLEDARG 11 t1
ASTORE SPILLEDARG 12 t2
ASTORE SPILLEDARG 13 t3
ASTORE SPILLEDARG 14 t4
ASTORE SPILLEDARG 15 t5
ASTORE SPILLEDARG 16 t6
ASTORE SPILLEDARG 17 t7
ASTORE SPILLEDARG 18 t8
ASTORE SPILLEDARG 19 t9
MOVE a0 s5
PASSARG 1 s5
MOVE a1 s7
PASSARG 2 s7
CALL t1
ALOAD t0 SPILLEDARG 10
ALOAD t1 SPILLEDARG 11
ALOAD t2 SPILLEDARG 12
ALOAD t3 SPILLEDARG 13
ALOAD t4 SPILLEDARG 14
ALOAD t5 SPILLEDARG 15
ALOAD t6 SPILLEDARG 16
ALOAD t7 SPILLEDARG 17
ALOAD t8 SPILLEDARG 18
ALOAD t9 SPILLEDARG 19
MOVE v1 v0
MOVE t0 v1
CJUMP t0 L21
MOVE v0 1
MOVE s5 v0
MOVE s2 s5
MOVE v0 0
MOVE s5 v0
MOVE t0 s5
MOVE v0 1
MOVE s5 v0
MOVE v0 MINUS t0 s5
MOVE t1 v0
MOVE s5 t1
MOVE v0 LE s1 s5
MOVE t0 v0
CJUMP t0 L23
MOVE s5 s3
HLOAD t0 s5 0
HLOAD t1 t0 32
ASTORE SPILLEDARG 10 t0
ASTORE SPILLEDARG 11 t1
ASTORE SPILLEDARG 12 t2
ASTORE SPILLEDARG 13 t3
ASTORE SPILLEDARG 14 t4
ASTORE SPILLEDARG 15 t5
ASTORE SPILLEDARG 16 t6
ASTORE SPILLEDARG 17 t7
ASTORE SPILLEDARG 18 t8
ASTORE SPILLEDARG 19 t9
MOVE a0 s5
PASSARG 1 s5
CALL t1
ALOAD t0 SPILLEDARG 10
ALOAD t1 SPILLEDARG 11
ALOAD t2 SPILLEDARG 12
ALOAD t3 SPILLEDARG 13
ALOAD t4 SPILLEDARG 14
ALOAD t5 SPILLEDARG 15
ALOAD t6 SPILLEDARG 16
ALOAD t7 SPILLEDARG 17
ALOAD t8 SPILLEDARG 18
ALOAD t9 SPILLEDARG 19
MOVE v1 v0
MOVE t0 v1
MOVE s0 t0
JUMP L24
L23
MOVE v0 0
MOVE s5 v0
MOVE v0 555
MOVE t0 v0
MOVE v0 MINUS s5 t0
MOVE t1 v0
PRINT t1
MOVE s5 s4
HLOAD t0 s5 0
HLOAD t1 t0 12
MOVE t0 s3
HLOAD t2 t0 0
HLOAD t3 t2 32
ASTORE SPILLEDARG 10 t0
ASTORE SPILLEDARG 11 t1
ASTORE SPILLEDARG 12 t2
ASTORE SPILLEDARG 13 t3
ASTORE SPILLEDARG 14 t4
ASTORE SPILLEDARG 15 t5
ASTORE SPILLEDARG 16 t6
ASTORE SPILLEDARG 17 t7
ASTORE SPILLEDARG 18 t8
ASTORE SPILLEDARG 19 t9
MOVE a0 t0
PASSARG 1 t0
CALL t3
ALOAD t0 SPILLEDARG 10
ALOAD t1 SPILLEDARG 11
ALOAD t2 SPILLEDARG 12
ALOAD t3 SPILLEDARG 13
ALOAD t4 SPILLEDARG 14
ALOAD t5 SPILLEDARG 15
ALOAD t6 SPILLEDARG 16
ALOAD t7 SPILLEDARG 17
ALOAD t8 SPILLEDARG 18
ALOAD t9 SPILLEDARG 19
MOVE v1 v0
MOVE t2 v1
ASTORE SPILLEDARG 10 t0
ASTORE SPILLEDARG 11 t1
ASTORE SPILLEDARG 12 t2
ASTORE SPILLEDARG 13 t3
ASTORE SPILLEDARG 14 t4
ASTORE SPILLEDARG 15 t5
ASTORE SPILLEDARG 16 t6
ASTORE SPILLEDARG 17 t7
ASTORE SPILLEDARG 18 t8
ASTORE SPILLEDARG 19 t9
MOVE a0 s5
PASSARG 1 s5
MOVE a1 t2
PASSARG 2 t2
CALL t1
ALOAD t0 SPILLEDARG 10
ALOAD t1 SPILLEDARG 11
ALOAD t2 SPILLEDARG 12
ALOAD t3 SPILLEDARG 13
ALOAD t4 SPILLEDARG 14
ALOAD t5 SPILLEDARG 15
ALOAD t6 SPILLEDARG 16
ALOAD t7 SPILLEDARG 17
ALOAD t8 SPILLEDARG 18
ALOAD t9 SPILLEDARG 19
MOVE v1 v0
MOVE t0 v1
MOVE v0 0
MOVE s5 v0
MOVE v0 555
MOVE t0 v0
MOVE v0 MINUS s5 t0
MOVE t1 v0
PRINT t1
L24
NOOP
JUMP L22
L21
MOVE v0 0
MOVE s5 v0
L22
NOOP
MOVE v0 1
MOVE s5 v0
MOVE v0 MINUS s5 s2
MOVE t0 v0
CJUMP t0 L25
MOVE s4 s3
MOVE s5 s3
HLOAD t0 s5 0
HLOAD t1 t0 32
ASTORE SPILLEDARG 10 t0
ASTORE SPILLEDARG 11 t1
ASTORE SPILLEDARG 12 t2
ASTORE SPILLEDARG 13 t3
ASTORE SPILLEDARG 14 t4
ASTORE SPILLEDARG 15 t5
ASTORE SPILLEDARG 16 t6
ASTORE SPILLEDARG 17 t7
ASTORE SPILLEDARG 18 t8
ASTORE SPILLEDARG 19 t9
MOVE a0 s5
PASSARG 1 s5
CALL t1
ALOAD t0 SPILLEDARG 10
ALOAD t1 SPILLEDARG 11
ALOAD t2 SPILLEDARG 12
ALOAD t3 SPILLEDARG 13
ALOAD t4 SPILLEDARG 14
ALOAD t5 SPILLEDARG 15
ALOAD t6 SPILLEDARG 16
ALOAD t7 SPILLEDARG 17
ALOAD t8 SPILLEDARG 18
ALOAD t9 SPILLEDARG 19
MOVE v1 v0
MOVE t0 v1
MOVE s3 t0
MOVE s5 s3
HLOAD t0 s5 0
HLOAD t1 t0 24
ASTORE SPILLEDARG 10 t0
ASTORE SPILLEDARG 11 t1
ASTORE SPILLEDARG 12 t2
ASTORE SPILLEDARG 13 t3
ASTORE SPILLEDARG 14 t4
ASTORE SPILLEDARG 15 t5
ASTORE SPILLEDARG 16 t6
ASTORE SPILLEDARG 17 t7
ASTORE SPILLEDARG 18 t8
ASTORE SPILLEDARG 19 t9
MOVE a0 s5
PASSARG 1 s5
CALL t1
ALOAD t0 SPILLEDARG 10
ALOAD t1 SPILLEDARG 11
ALOAD t2 SPILLEDARG 12
ALOAD t3 SPILLEDARG 13
ALOAD t4 SPILLEDARG 14
ALOAD t5 SPILLEDARG 15
ALOAD t6 SPILLEDARG 16
ALOAD t7 SPILLEDARG 17
ALOAD t8 SPILLEDARG 18
ALOAD t9 SPILLEDARG 19
MOVE v1 v0
MOVE t0 v1
MOVE s6 t0
MOVE s5 s3
HLOAD t0 s5 0
HLOAD t1 t0 28
ASTORE SPILLEDARG 10 t0
ASTORE SPILLEDARG 11 t1
ASTORE SPILLEDARG 12 t2
ASTORE SPILLEDARG 13 t3
ASTORE SPILLEDARG 14 t4
ASTORE SPILLEDARG 15 t5
ASTORE SPILLEDARG 16 t6
ASTORE SPILLEDARG 17 t7
ASTORE SPILLEDARG 18 t8
ASTORE SPILLEDARG 19 t9
MOVE a0 s5
PASSARG 1 s5
CALL t1
ALOAD t0 SPILLEDARG 10
ALOAD t1 SPILLEDARG 11
ALOAD t2 SPILLEDARG 12
ALOAD t3 SPILLEDARG 13
ALOAD t4 SPILLEDARG 14
ALOAD t5 SPILLEDARG 15
ALOAD t6 SPILLEDARG 16
ALOAD t7 SPILLEDARG 17
ALOAD t8 SPILLEDARG 18
ALOAD t9 SPILLEDARG 19
MOVE v1 v0
MOVE t0 v1
MOVE s7 t0
MOVE v0 1
MOVE s5 v0
MOVE s1 s5
JUMP L26
L25
MOVE v0 0
MOVE s5 v0
L26
NOOP
JUMP L18
L19
NOOP
MOVE v0 s0
ALOAD s0 SPILLEDARG 2
ALOAD s1 SPILLEDARG 3
ALOAD s2 SPILLEDARG 4
ALOAD s3 SPILLEDARG 5
ALOAD s4 SPILLEDARG 6
ALOAD s5 SPILLEDARG 7
ALOAD s6 SPILLEDARG 8
ALOAD s7 SPILLEDARG 9
END
//NOTSPILLED
List_Search[2][20][2]
ASTORE SPILLEDARG 2 s0
ASTORE SPILLEDARG 3 s1
ASTORE SPILLEDARG 4 s2
ASTORE SPILLEDARG 5 s3
ASTORE SPILLEDARG 6 s4
ASTORE SPILLEDARG 7 s5
ASTORE SPILLEDARG 8 s6
ASTORE SPILLEDARG 9 s7
MOVE v0 0
MOVE s0 v0
MOVE s1 s0
ALOAD v0 SPILLEDARG 0
MOVE s0 v0
ALOAD v1 SPILLEDARG 0
HLOAD s2 v1 12
MOVE s3 s2
ALOAD v1 SPILLEDARG 0
HLOAD s2 v1 4
MOVE s4 s2
L27
MOVE v0 1
MOVE s2 v0
MOVE v0 MINUS s2 s3
MOVE s5 v0
CJUMP s5 L28
ALOAD v0 SPILLEDARG 1
MOVE s2 v0
HLOAD s5 s2 0
HLOAD s6 s5 16
ASTORE SPILLEDARG 10 t0
ASTORE SPILLEDARG 11 t1
ASTORE SPILLEDARG 12 t2
ASTORE SPILLEDARG 13 t3
ASTORE SPILLEDARG 14 t4
ASTORE SPILLEDARG 15 t5
ASTORE SPILLEDARG 16 t6
ASTORE SPILLEDARG 17 t7
ASTORE SPILLEDARG 18 t8
ASTORE SPILLEDARG 19 t9
MOVE a0 s2
PASSARG 1 s2
MOVE a1 s4
PASSARG 2 s4
CALL s6
ALOAD t0 SPILLEDARG 10
ALOAD t1 SPILLEDARG 11
ALOAD t2 SPILLEDARG 12
ALOAD t3 SPILLEDARG 13
ALOAD t4 SPILLEDARG 14
ALOAD t5 SPILLEDARG 15
ALOAD t6 SPILLEDARG 16
ALOAD t7 SPILLEDARG 17
ALOAD t8 SPILLEDARG 18
ALOAD t9 SPILLEDARG 19
MOVE v1 v0
MOVE s5 v1
CJUMP s5 L29
MOVE v0 1
MOVE s2 v0
MOVE s1 s2
JUMP L30
L29
MOVE v0 0
MOVE s2 v0
L30
NOOP
MOVE s2 s0
HLOAD s5 s2 0
HLOAD s6 s5 32
ASTORE SPILLEDARG 10 t0
ASTORE SPILLEDARG 11 t1
ASTORE SPILLEDARG 12 t2
ASTORE SPILLEDARG 13 t3
ASTORE SPILLEDARG 14 t4
ASTORE SPILLEDARG 15 t5
ASTORE SPILLEDARG 16 t6
ASTORE SPILLEDARG 17 t7
ASTORE SPILLEDARG 18 t8
ASTORE SPILLEDARG 19 t9
MOVE a0 s2
PASSARG 1 s2
CALL s6
ALOAD t0 SPILLEDARG 10
ALOAD t1 SPILLEDARG 11
ALOAD t2 SPILLEDARG 12
ALOAD t3 SPILLEDARG 13
ALOAD t4 SPILLEDARG 14
ALOAD t5 SPILLEDARG 15
ALOAD t6 SPILLEDARG 16
ALOAD t7 SPILLEDARG 17
ALOAD t8 SPILLEDARG 18
ALOAD t9 SPILLEDARG 19
MOVE v1 v0
MOVE s5 v1
MOVE s0 s5
MOVE s2 s0
HLOAD s5 s2 0
HLOAD s6 s5 24
ASTORE SPILLEDARG 10 t0
ASTORE SPILLEDARG 11 t1
ASTORE SPILLEDARG 12 t2
ASTORE SPILLEDARG 13 t3
ASTORE SPILLEDARG 14 t4
ASTORE SPILLEDARG 15 t5
ASTORE SPILLEDARG 16 t6
ASTORE SPILLEDARG 17 t7
ASTORE SPILLEDARG 18 t8
ASTORE SPILLEDARG 19 t9
MOVE a0 s2
PASSARG 1 s2
CALL s6
ALOAD t0 SPILLEDARG 10
ALOAD t1 SPILLEDARG 11
ALOAD t2 SPILLEDARG 12
ALOAD t3 SPILLEDARG 13
ALOAD t4 SPILLEDARG 14
ALOAD t5 SPILLEDARG 15
ALOAD t6 SPILLEDARG 16
ALOAD t7 SPILLEDARG 17
ALOAD t8 SPILLEDARG 18
ALOAD t9 SPILLEDARG 19
MOVE v1 v0
MOVE s5 v1
MOVE s3 s5
MOVE s2 s0
HLOAD s5 s2 0
HLOAD s6 s5 28
ASTORE SPILLEDARG 10 t0
ASTORE SPILLEDARG 11 t1
ASTORE SPILLEDARG 12 t2
ASTORE SPILLEDARG 13 t3
ASTORE SPILLEDARG 14 t4
ASTORE SPILLEDARG 15 t5
ASTORE SPILLEDARG 16 t6
ASTORE SPILLEDARG 17 t7
ASTORE SPILLEDARG 18 t8
ASTORE SPILLEDARG 19 t9
MOVE a0 s2
PASSARG 1 s2
CALL s6
ALOAD t0 SPILLEDARG 10
ALOAD t1 SPILLEDARG 11
ALOAD t2 SPILLEDARG 12
ALOAD t3 SPILLEDARG 13
ALOAD t4 SPILLEDARG 14
ALOAD t5 SPILLEDARG 15
ALOAD t6 SPILLEDARG 16
ALOAD t7 SPILLEDARG 17
ALOAD t8 SPILLEDARG 18
ALOAD t9 SPILLEDARG 19
MOVE v1 v0
MOVE s5 v1
MOVE s4 s5
JUMP L27
L28
NOOP
MOVE v0 s1
ALOAD s0 SPILLEDARG 2
ALOAD s1 SPILLEDARG 3
ALOAD s2 SPILLEDARG 4
ALOAD s3 SPILLEDARG 5
ALOAD s4 SPILLEDARG 6
ALOAD s5 SPILLEDARG 7
ALOAD s6 SPILLEDARG 8
ALOAD s7 SPILLEDARG 9
END
//NOTSPILLED
List_GetEnd[1][19][0]
ASTORE SPILLEDARG 1 s0
ASTORE SPILLEDARG 2 s1
ASTORE SPILLEDARG 3 s2
ASTORE SPILLEDARG 4 s3
ASTORE SPILLEDARG 5 s4
ASTORE SPILLEDARG 6 s5
ASTORE SPILLEDARG 7 s6
ASTORE SPILLEDARG 8 s7
ALOAD v1 SPILLEDARG 0
HLOAD s0 v1 12
MOVE v0 s0
ALOAD s0 SPILLEDARG 1
ALOAD s1 SPILLEDARG 2
ALOAD s2 SPILLEDARG 3
ALOAD s3 SPILLEDARG 4
ALOAD s4 SPILLEDARG 5
ALOAD s5 SPILLEDARG 6
ALOAD s6 SPILLEDARG 7
ALOAD s7 SPILLEDARG 8
END
//NOTSPILLED
List_GetElem[1][19][0]
ASTORE SPILLEDARG 1 s0
ASTORE SPILLEDARG 2 s1
ASTORE SPILLEDARG 3 s2
ASTORE SPILLEDARG 4 s3
ASTORE SPILLEDARG 5 s4
ASTORE SPILLEDARG 6 s5
ASTORE SPILLEDARG 7 s6
ASTORE SPILLEDARG 8 s7
ALOAD v1 SPILLEDARG 0
HLOAD s0 v1 4
MOVE v0 s0
ALOAD s0 SPILLEDARG 1
ALOAD s1 SPILLEDARG 2
ALOAD s2 SPILLEDARG 3
ALOAD s3 SPILLEDARG 4
ALOAD s4 SPILLEDARG 5
ALOAD s5 SPILLEDARG 6
ALOAD s6 SPILLEDARG 7
ALOAD s7 SPILLEDARG 8
END
//NOTSPILLED
List_GetNext[1][19][0]
ASTORE SPILLEDARG 1 s0
ASTORE SPILLEDARG 2 s1
ASTORE SPILLEDARG 3 s2
ASTORE SPILLEDARG 4 s3
ASTORE SPILLEDARG 5 s4
ASTORE SPILLEDARG 6 s5
ASTORE SPILLEDARG 7 s6
ASTORE SPILLEDARG 8 s7
ALOAD v1 SPILLEDARG 0
HLOAD s0 v1 8
MOVE v0 s0
ALOAD s0 SPILLEDARG 1
ALOAD s1 SPILLEDARG 2
ALOAD s2 SPILLEDARG 3
ALOAD s3 SPILLEDARG 4
ALOAD s4 SPILLEDARG 5
ALOAD s5 SPILLEDARG 6
ALOAD s6 SPILLEDARG 7
ALOAD s7 SPILLEDARG 8
END
//NOTSPILLED
List_Print[1][19][1]
ASTORE SPILLEDARG 1 s0
ASTORE SPILLEDARG 2 s1
ASTORE SPILLEDARG 3 s2
ASTORE SPILLEDARG 4 s3
ASTORE SPILLEDARG 5 s4
ASTORE SPILLEDARG 6 s5
ASTORE SPILLEDARG 7 s6
ASTORE SPILLEDARG 8 s7
ALOAD v0 SPILLEDARG 0
MOVE s0 v0
ALOAD v1 SPILLEDARG 0
HLOAD s1 v1 12
MOVE s2 s1
ALOAD v1 SPILLEDARG 0
HLOAD s1 v1 4
MOVE s3 s1
L31
MOVE v0 1
MOVE s1 v0
MOVE v0 MINUS s1 s2
MOVE s4 v0
CJUMP s4 L32
MOVE s1 s3
HLOAD s4 s1 0
HLOAD s5 s4 4
ASTORE SPILLEDARG 9 t0
ASTORE SPILLEDARG 10 t1
ASTORE SPILLEDARG 11 t2
ASTORE SPILLEDARG 12 t3
ASTORE SPILLEDARG 13 t4
ASTORE SPILLEDARG 14 t5
ASTORE SPILLEDARG 15 t6
ASTORE SPILLEDARG 16 t7
ASTORE SPILLEDARG 17 t8
ASTORE SPILLEDARG 18 t9
MOVE a0 s1
PASSARG 1 s1
CALL s5
ALOAD t0 SPILLEDARG 9
ALOAD t1 SPILLEDARG 10
ALOAD t2 SPILLEDARG 11
ALOAD t3 SPILLEDARG 12
ALOAD t4 SPILLEDARG 13
ALOAD t5 SPILLEDARG 14
ALOAD t6 SPILLEDARG 15
ALOAD t7 SPILLEDARG 16
ALOAD t8 SPILLEDARG 17
ALOAD t9 SPILLEDARG 18
MOVE v1 v0
MOVE s4 v1
PRINT s4
MOVE s1 s0
HLOAD s4 s1 0
HLOAD s5 s4 32
ASTORE SPILLEDARG 9 t0
ASTORE SPILLEDARG 10 t1
ASTORE SPILLEDARG 11 t2
ASTORE SPILLEDARG 12 t3
ASTORE SPILLEDARG 13 t4
ASTORE SPILLEDARG 14 t5
ASTORE SPILLEDARG 15 t6
ASTORE SPILLEDARG 16 t7
ASTORE SPILLEDARG 17 t8
ASTORE SPILLEDARG 18 t9
MOVE a0 s1
PASSARG 1 s1
CALL s5
ALOAD t0 SPILLEDARG 9
ALOAD t1 SPILLEDARG 10
ALOAD t2 SPILLEDARG 11
ALOAD t3 SPILLEDARG 12
ALOAD t4 SPILLEDARG 13
ALOAD t5 SPILLEDARG 14
ALOAD t6 SPILLEDARG 15
ALOAD t7 SPILLEDARG 16
ALOAD t8 SPILLEDARG 17
ALOAD t9 SPILLEDARG 18
MOVE v1 v0
MOVE s4 v1
MOVE s0 s4
MOVE s1 s0
HLOAD s4 s1 0
HLOAD s5 s4 24
ASTORE SPILLEDARG 9 t0
ASTORE SPILLEDARG 10 t1
ASTORE SPILLEDARG 11 t2
ASTORE SPILLEDARG 12 t3
ASTORE SPILLEDARG 13 t4
ASTORE SPILLEDARG 14 t5
ASTORE SPILLEDARG 15 t6
ASTORE SPILLEDARG 16 t7
ASTORE SPILLEDARG 17 t8
ASTORE SPILLEDARG 18 t9
MOVE a0 s1
PASSARG 1 s1
CALL s5
ALOAD t0 SPILLEDARG 9
ALOAD t1 SPILLEDARG 10
ALOAD t2 SPILLEDARG 11
ALOAD t3 SPILLEDARG 12
ALOAD t4 SPILLEDARG 13
ALOAD t5 SPILLEDARG 14
ALOAD t6 SPILLEDARG 15
ALOAD t7 SPILLEDARG 16
ALOAD t8 SPILLEDARG 17
ALOAD t9 SPILLEDARG 18
MOVE v1 v0
MOVE s4 v1
MOVE s2 s4
MOVE s1 s0
HLOAD s4 s1 0
HLOAD s5 s4 28
ASTORE SPILLEDARG 9 t0
ASTORE SPILLEDARG 10 t1
ASTORE SPILLEDARG 11 t2
ASTORE SPILLEDARG 12 t3
ASTORE SPILLEDARG 13 t4
ASTORE SPILLEDARG 14 t5
ASTORE SPILLEDARG 15 t6
ASTORE SPILLEDARG 16 t7
ASTORE SPILLEDARG 17 t8
ASTORE SPILLEDARG 18 t9
MOVE a0 s1
PASSARG 1 s1
CALL s5
ALOAD t0 SPILLEDARG 9
ALOAD t1 SPILLEDARG 10
ALOAD t2 SPILLEDARG 11
ALOAD t3 SPILLEDARG 12
ALOAD t4 SPILLEDARG 13
ALOAD t5 SPILLEDARG 14
ALOAD t6 SPILLEDARG 15
ALOAD t7 SPILLEDARG 16
ALOAD t8 SPILLEDARG 17
ALOAD t9 SPILLEDARG 18
MOVE v1 v0
MOVE s4 v1
MOVE s3 s4
JUMP L31
L32
NOOP
MOVE v0 1
MOVE s0 v0
MOVE v0 s0
ALOAD s0 SPILLEDARG 1
ALOAD s1 SPILLEDARG 2
ALOAD s2 SPILLEDARG 3
ALOAD s3 SPILLEDARG 4
ALOAD s4 SPILLEDARG 5
ALOAD s5 SPILLEDARG 6
ALOAD s6 SPILLEDARG 7
ALOAD s7 SPILLEDARG 8
END
//NOTSPILLED
LL_Start[1][19][4]
ASTORE SPILLEDARG 1 s0
ASTORE SPILLEDARG 2 s1
ASTORE SPILLEDARG 3 s2
ASTORE SPILLEDARG 4 s3
ASTORE SPILLEDARG 5 s4
ASTORE SPILLEDARG 6 s5
ASTORE SPILLEDARG 7 s6
ASTORE SPILLEDARG 8 s7
MOVE v0 40
MOVE s0 v0
MOVE v0 HALLOCATE s0
MOVE s1 v0
MOVE s0 s1
MOVE v0 16
MOVE s1 v0
MOVE v0 HALLOCATE s1
MOVE s2 v0
MOVE s1 s2
MOVE s2 List_Print
HSTORE s0 36 s2
MOVE s2 List_GetNext
HSTORE s0 32 s2
MOVE s2 List_GetElem
HSTORE s0 28 s2
MOVE s2 List_GetEnd
HSTORE s0 24 s2
MOVE s2 List_Search
HSTORE s0 20 s2
MOVE s2 List_Delete
HSTORE s0 16 s2
MOVE s2 List_SetNext
HSTORE s0 12 s2
MOVE s2 List_Insert
HSTORE s0 8 s2
MOVE s2 List_InitNew
HSTORE s0 4 s2
MOVE s2 List_Init
HSTORE s0 0 s2
MOVE v0 4
MOVE s2 v0
MOVE s3 s2
L33
MOVE v0 15
MOVE s2 v0
MOVE v0 LE s3 s2
MOVE s4 v0
CJUMP s4 L34
MOVE v0 PLUS s1 s3
MOVE s2 v0
MOVE v0 0
MOVE s4 v0
HSTORE s2 0 s4
MOVE v0 4
MOVE s2 v0
MOVE v0 PLUS s3 s2
MOVE s4 v0
MOVE s3 s4
JUMP L33
L34
HSTORE s1 0 s0
MOVE s0 s1
MOVE s1 s0
HLOAD s2 s1 0
HLOAD s3 s2 0
ASTORE SPILLEDARG 9 t0
ASTORE SPILLEDARG 10 t1
ASTORE SPILLEDARG 11 t2
ASTORE SPILLEDARG 12 t3
ASTORE SPILLEDARG 13 t4
ASTORE SPILLEDARG 14 t5
ASTORE SPILLEDARG 15 t6
ASTORE SPILLEDARG 16 t7
ASTORE SPILLEDARG 17 t8
ASTORE SPILLEDARG 18 t9
MOVE a0 s1
PASSARG 1 s1
CALL s3
ALOAD t0 SPILLEDARG 9
ALOAD t1 SPILLEDARG 10
ALOAD t2 SPILLEDARG 11
ALOAD t3 SPILLEDARG 12
ALOAD t4 SPILLEDARG 13
ALOAD t5 SPILLEDARG 14
ALOAD t6 SPILLEDARG 15
ALOAD t7 SPILLEDARG 16
ALOAD t8 SPILLEDARG 17
ALOAD t9 SPILLEDARG 18
MOVE v1 v0
MOVE s2 v1
MOVE s1 s0
MOVE s0 s1
HLOAD s2 s0 0
HLOAD s3 s2 0
ASTORE SPILLEDARG 9 t0
ASTORE SPILLEDARG 10 t1
ASTORE SPILLEDARG 11 t2
ASTORE SPILLEDARG 12 t3
ASTORE SPILLEDARG 13 t4
ASTORE SPILLEDARG 14 t5
ASTORE SPILLEDARG 15 t6
ASTORE SPILLEDARG 16 t7
ASTORE SPILLEDARG 17 t8
ASTORE SPILLEDARG 18 t9
MOVE a0 s0
PASSARG 1 s0
CALL s3
ALOAD t0 SPILLEDARG 9
ALOAD t1 SPILLEDARG 10
ALOAD t2 SPILLEDARG 11
ALOAD t3 SPILLEDARG 12
ALOAD t4 SPILLEDARG 13
ALOAD t5 SPILLEDARG 14
ALOAD t6 SPILLEDARG 15
ALOAD t7 SPILLEDARG 16
ALOAD t8 SPILLEDARG 17
ALOAD t9 SPILLEDARG 18
MOVE v1 v0
MOVE s2 v1
MOVE s0 s1
HLOAD s2 s0 0
HLOAD s3 s2 36
ASTORE SPILLEDARG 9 t0
ASTORE SPILLEDARG 10 t1
ASTORE SPILLEDARG 11 t2
ASTORE SPILLEDARG 12 t3
ASTORE SPILLEDARG 13 t4
ASTORE SPILLEDARG 14 t5
ASTORE SPILLEDARG 15 t6
ASTORE SPILLEDARG 16 t7
ASTORE SPILLEDARG 17 t8
ASTORE SPILLEDARG 18 t9
MOVE a0 s0
PASSARG 1 s0
CALL s3
ALOAD t0 SPILLEDARG 9
ALOAD t1 SPILLEDARG 10
ALOAD t2 SPILLEDARG 11
ALOAD t3 SPILLEDARG 12
ALOAD t4 SPILLEDARG 13
ALOAD t5 SPILLEDARG 14
ALOAD t6 SPILLEDARG 15
ALOAD t7 SPILLEDARG 16
ALOAD t8 SPILLEDARG 17
ALOAD t9 SPILLEDARG 18
MOVE v1 v0
MOVE s2 v1
MOVE v0 24
MOVE s0 v0
MOVE v0 HALLOCATE s0
MOVE s2 v0
MOVE s0 s2
MOVE v0 16
MOVE s2 v0
MOVE v0 HALLOCATE s2
MOVE s3 v0
MOVE s2 s3
MOVE s3 Element_Compare
HSTORE s0 20 s3
MOVE s3 Element_Equal
HSTORE s0 16 s3
MOVE s3 Element_GetMarried
HSTORE s0 12 s3
MOVE s3 Element_GetSalary
HSTORE s0 8 s3
MOVE s3 Element_GetAge
HSTORE s0 4 s3
MOVE s3 Element_Init
HSTORE s0 0 s3
MOVE v0 4
MOVE s3 v0
MOVE s4 s3
L35
MOVE v0 15
MOVE s3 v0
MOVE v0 LE s4 s3
MOVE s5 v0
CJUMP s5 L36
MOVE v0 PLUS s2 s4
MOVE s3 v0
MOVE v0 0
MOVE s5 v0
HSTORE s3 0 s5
MOVE v0 4
MOVE s3 v0
MOVE v0 PLUS s4 s3
MOVE s5 v0
MOVE s4 s5
JUMP L35
L36
HSTORE s2 0 s0
MOVE s0 s2
MOVE s2 s0
HLOAD s3 s2 0
HLOAD s4 s3 0
MOVE v0 25
MOVE s3 v0
MOVE v0 37000
MOVE s5 v0
MOVE v0 0
MOVE s6 v0
ASTORE SPILLEDARG 9 t0
ASTORE SPILLEDARG 10 t1
ASTORE SPILLEDARG 11 t2
ASTORE SPILLEDARG 12 t3
ASTORE SPILLEDARG 13 t4
ASTORE SPILLEDARG 14 t5
ASTORE SPILLEDARG 15 t6
ASTORE SPILLEDARG 16 t7
ASTORE SPILLEDARG 17 t8
ASTORE SPILLEDARG 18 t9
MOVE a0 s2
PASSARG 1 s2
MOVE a1 s3
PASSARG 2 s3
MOVE a2 s5
PASSARG 3 s5
MOVE a3 s6
PASSARG 4 s6
CALL s4
ALOAD t0 SPILLEDARG 9
ALOAD t1 SPILLEDARG 10
ALOAD t2 SPILLEDARG 11
ALOAD t3 SPILLEDARG 12
ALOAD t4 SPILLEDARG 13
ALOAD t5 SPILLEDARG 14
ALOAD t6 SPILLEDARG 15
ALOAD t7 SPILLEDARG 16
ALOAD t8 SPILLEDARG 17
ALOAD t9 SPILLEDARG 18
MOVE v1 v0
MOVE s7 v1
MOVE s2 s1
HLOAD s3 s2 0
HLOAD s4 s3 8
ASTORE SPILLEDARG 9 t0
ASTORE SPILLEDARG 10 t1
ASTORE SPILLEDARG 11 t2
ASTORE SPILLEDARG 12 t3
ASTORE SPILLEDARG 13 t4
ASTORE SPILLEDARG 14 t5
ASTORE SPILLEDARG 15 t6
ASTORE SPILLEDARG 16 t7
ASTORE SPILLEDARG 17 t8
ASTORE SPILLEDARG 18 t9
MOVE a0 s2
PASSARG 1 s2
MOVE a1 s0
PASSARG 2 s0
CALL s4
ALOAD t0 SPILLEDARG 9
ALOAD t1 SPILLEDARG 10
ALOAD t2 SPILLEDARG 11
ALOAD t3 SPILLEDARG 12
ALOAD t4 SPILLEDARG 13
ALOAD t5 SPILLEDARG 14
ALOAD t6 SPILLEDARG 15
ALOAD t7 SPILLEDARG 16
ALOAD t8 SPILLEDARG 17
ALOAD t9 SPILLEDARG 18
MOVE v1 v0
MOVE s3 v1
MOVE s1 s3
MOVE s2 s1
HLOAD s3 s2 0
HLOAD s4 s3 36
ASTORE SPILLEDARG 9 t0
ASTORE SPILLEDARG 10 t1
ASTORE SPILLEDARG 11 t2
ASTORE SPILLEDARG 12 t3
ASTORE SPILLEDARG 13 t4
ASTORE SPILLEDARG 14 t5
ASTORE SPILLEDARG 15 t6
ASTORE SPILLEDARG 16 t7
ASTORE SPILLEDARG 17 t8
ASTORE SPILLEDARG 18 t9
MOVE a0 s2
PASSARG 1 s2
CALL s4
ALOAD t0 SPILLEDARG 9
ALOAD t1 SPILLEDARG 10
ALOAD t2 SPILLEDARG 11
ALOAD t3 SPILLEDARG 12
ALOAD t4 SPILLEDARG 13
ALOAD t5 SPILLEDARG 14
ALOAD t6 SPILLEDARG 15
ALOAD t7 SPILLEDARG 16
ALOAD t8 SPILLEDARG 17
ALOAD t9 SPILLEDARG 18
MOVE v1 v0
MOVE s3 v1
MOVE v0 10000000
MOVE s2 v0
PRINT s2
MOVE v0 24
MOVE s2 v0
MOVE v0 HALLOCATE s2
MOVE s3 v0
MOVE s2 s3
MOVE v0 16
MOVE s3 v0
MOVE v0 HALLOCATE s3
MOVE s4 v0
MOVE s3 s4
MOVE s4 Element_Compare
HSTORE s2 20 s4
MOVE s4 Element_Equal
HSTORE s2 16 s4
MOVE s4 Element_GetMarried
HSTORE s2 12 s4
MOVE s4 Element_GetSalary
HSTORE s2 8 s4
MOVE s4 Element_GetAge
HSTORE s2 4 s4
MOVE s4 Element_Init
HSTORE s2 0 s4
MOVE v0 4
MOVE s4 v0
MOVE s5 s4
L37
MOVE v0 15
MOVE s4 v0
MOVE v0 LE s5 s4
MOVE s6 v0
CJUMP s6 L38
MOVE v0 PLUS s3 s5
MOVE s4 v0
MOVE v0 0
MOVE s6 v0
HSTORE s4 0 s6
MOVE v0 4
MOVE s4 v0
MOVE v0 PLUS s5 s4
MOVE s6 v0
MOVE s5 s6
JUMP L37
L38
HSTORE s3 0 s2
MOVE s0 s3
MOVE s2 s0
HLOAD s3 s2 0
HLOAD s4 s3 0
MOVE v0 39
MOVE s3 v0
MOVE v0 42000
MOVE s5 v0
MOVE v0 1
MOVE s6 v0
ASTORE SPILLEDARG 9 t0
ASTORE SPILLEDARG 10 t1
ASTORE SPILLEDARG 11 t2
ASTORE SPILLEDARG 12 t3
ASTORE SPILLEDARG 13 t4
ASTORE SPILLEDARG 14 t5
ASTORE SPILLEDARG 15 t6
ASTORE SPILLEDARG 16 t7
ASTORE SPILLEDARG 17 t8
ASTORE SPILLEDARG 18 t9
MOVE a0 s2
PASSARG 1 s2
MOVE a1 s3
PASSARG 2 s3
MOVE a2 s5
PASSARG 3 s5
MOVE a3 s6
PASSARG 4 s6
CALL s4
ALOAD t0 SPILLEDARG 9
ALOAD t1 SPILLEDARG 10
ALOAD t2 SPILLEDARG 11
ALOAD t3 SPILLEDARG 12
ALOAD t4 SPILLEDARG 13
ALOAD t5 SPILLEDARG 14
ALOAD t6 SPILLEDARG 15
ALOAD t7 SPILLEDARG 16
ALOAD t8 SPILLEDARG 17
ALOAD t9 SPILLEDARG 18
MOVE v1 v0
MOVE s7 v1
MOVE s2 s0
MOVE s3 s1
HLOAD s4 s3 0
HLOAD s5 s4 8
ASTORE SPILLEDARG 9 t0
ASTORE SPILLEDARG 10 t1
ASTORE SPILLEDARG 11 t2
ASTORE SPILLEDARG 12 t3
ASTORE SPILLEDARG 13 t4
ASTORE SPILLEDARG 14 t5
ASTORE SPILLEDARG 15 t6
ASTORE SPILLEDARG 16 t7
ASTORE SPILLEDARG 17 t8
ASTORE SPILLEDARG 18 t9
MOVE a0 s3
PASSARG 1 s3
MOVE a1 s0
PASSARG 2 s0
CALL s5
ALOAD t0 SPILLEDARG 9
ALOAD t1 SPILLEDARG 10
ALOAD t2 SPILLEDARG 11
ALOAD t3 SPILLEDARG 12
ALOAD t4 SPILLEDARG 13
ALOAD t5 SPILLEDARG 14
ALOAD t6 SPILLEDARG 15
ALOAD t7 SPILLEDARG 16
ALOAD t8 SPILLEDARG 17
ALOAD t9 SPILLEDARG 18
MOVE v1 v0
MOVE s4 v1
MOVE s1 s4
MOVE s3 s1
HLOAD s4 s3 0
HLOAD s5 s4 36
ASTORE SPILLEDARG 9 t0
ASTORE SPILLEDARG 10 t1
ASTORE SPILLEDARG 11 t2
ASTORE SPILLEDARG 12 t3
ASTORE SPILLEDARG 13 t4
ASTORE SPILLEDARG 14 t5
ASTORE SPILLEDARG 15 t6
ASTORE SPILLEDARG 16 t7
ASTORE SPILLEDARG 17 t8
ASTORE SPILLEDARG 18 t9
MOVE a0 s3
PASSARG 1 s3
CALL s5
ALOAD t0 SPILLEDARG 9
ALOAD t1 SPILLEDARG 10
ALOAD t2 SPILLEDARG 11
ALOAD t3 SPILLEDARG 12
ALOAD t4 SPILLEDARG 13
ALOAD t5 SPILLEDARG 14
ALOAD t6 SPILLEDARG 15
ALOAD t7 SPILLEDARG 16
ALOAD t8 SPILLEDARG 17
ALOAD t9 SPILLEDARG 18
MOVE v1 v0
MOVE s4 v1
MOVE v0 10000000
MOVE s3 v0
PRINT s3
MOVE v0 24
MOVE s3 v0
MOVE v0 HALLOCATE s3
MOVE s4 v0
MOVE s3 s4
MOVE v0 16
MOVE s4 v0
MOVE v0 HALLOCATE s4
MOVE s5 v0
MOVE s4 s5
MOVE s5 Element_Compare
HSTORE s3 20 s5
MOVE s5 Element_Equal
HSTORE s3 16 s5
MOVE s5 Element_GetMarried
HSTORE s3 12 s5
MOVE s5 Element_GetSalary
HSTORE s3 8 s5
MOVE s5 Element_GetAge
HSTORE s3 4 s5
MOVE s5 Element_Init
HSTORE s3 0 s5
MOVE v0 4
MOVE s5 v0
MOVE s6 s5
L39
MOVE v0 15
MOVE s5 v0
MOVE v0 LE s6 s5
MOVE s7 v0
CJUMP s7 L40
MOVE v0 PLUS s4 s6
MOVE s5 v0
MOVE v0 0
MOVE s7 v0
HSTORE s5 0 s7
MOVE v0 4
MOVE s5 v0
MOVE v0 PLUS s6 s5
MOVE s7 v0
MOVE s6 s7
JUMP L39
L40
HSTORE s4 0 s3
MOVE s0 s4
MOVE s3 s0
HLOAD s4 s3 0
HLOAD s5 s4 0
MOVE v0 22
MOVE s4 v0
MOVE v0 34000
MOVE s6 v0
MOVE v0 0
MOVE s7 v0
ASTORE SPILLEDARG 9 t0
ASTORE SPILLEDARG 10 t1
ASTORE SPILLEDARG 11 t2
ASTORE SPILLEDARG 12 t3
ASTORE SPILLEDARG 13 t4
ASTORE SPILLEDARG 14 t5
ASTORE SPILLEDARG 15 t6
ASTORE SPILLEDARG 16 t7
ASTORE SPILLEDARG 17 t8
ASTORE SPILLEDARG 18 t9
MOVE a0 s3
PASSARG 1 s3
MOVE a1 s4
PASSARG 2 s4
MOVE a2 s6
PASSARG 3 s6
MOVE a3 s7
PASSARG 4 s7
CALL s5
ALOAD t0 SPILLEDARG 9
ALOAD t1 SPILLEDARG 10
ALOAD t2 SPILLEDARG 11
ALOAD t3 SPILLEDARG 12
ALOAD t4 SPILLEDARG 13
ALOAD t5 SPILLEDARG 14
ALOAD t6 SPILLEDARG 15
ALOAD t7 SPILLEDARG 16
ALOAD t8 SPILLEDARG 17
ALOAD t9 SPILLEDARG 18
MOVE v1 v0
MOVE t0 v1
MOVE s3 s1
HLOAD s4 s3 0
HLOAD s5 s4 8
ASTORE SPILLEDARG 9 t0
ASTORE SPILLEDARG 10 t1
ASTORE SPILLEDARG 11 t2
ASTORE SPILLEDARG 12 t3
ASTORE SPILLEDARG 13 t4
ASTORE SPILLEDARG 14 t5
ASTORE SPILLEDARG 15 t6
ASTORE SPILLEDARG 16 t7
ASTORE SPILLEDARG 17 t8
ASTORE SPILLEDARG 18 t9
MOVE a0 s3
PASSARG 1 s3
MOVE a1 s0
PASSARG 2 s0
CALL s5
ALOAD t0 SPILLEDARG 9
ALOAD t1 SPILLEDARG 10
ALOAD t2 SPILLEDARG 11
ALOAD t3 SPILLEDARG 12
ALOAD t4 SPILLEDARG 13
ALOAD t5 SPILLEDARG 14
ALOAD t6 SPILLEDARG 15
ALOAD t7 SPILLEDARG 16
ALOAD t8 SPILLEDARG 17
ALOAD t9 SPILLEDARG 18
MOVE v1 v0
MOVE s4 v1
MOVE s1 s4
MOVE s3 s1
HLOAD s4 s3 0
HLOAD s5 s4 36
ASTORE SPILLEDARG 9 t0
ASTORE SPILLEDARG 10 t1
ASTORE SPILLEDARG 11 t2
ASTORE SPILLEDARG 12 t3
ASTORE SPILLEDARG 13 t4
ASTORE SPILLEDARG 14 t5
ASTORE SPILLEDARG 15 t6
ASTORE SPILLEDARG 16 t7
ASTORE SPILLEDARG 17 t8
ASTORE SPILLEDARG 18 t9
MOVE a0 s3
PASSARG 1 s3
CALL s5
ALOAD t0 SPILLEDARG 9
ALOAD t1 SPILLEDARG 10
ALOAD t2 SPILLEDARG 11
ALOAD t3 SPILLEDARG 12
ALOAD t4 SPILLEDARG 13
ALOAD t5 SPILLEDARG 14
ALOAD t6 SPILLEDARG 15
ALOAD t7 SPILLEDARG 16
ALOAD t8 SPILLEDARG 17
ALOAD t9 SPILLEDARG 18
MOVE v1 v0
MOVE s4 v1
MOVE v0 24
MOVE s3 v0
MOVE v0 HALLOCATE s3
MOVE s4 v0
MOVE s3 s4
MOVE v0 16
MOVE s4 v0
MOVE v0 HALLOCATE s4
MOVE s5 v0
MOVE s4 s5
MOVE s5 Element_Compare
HSTORE s3 20 s5
MOVE s5 Element_Equal
HSTORE s3 16 s5
MOVE s5 Element_GetMarried
HSTORE s3 12 s5
MOVE s5 Element_GetSalary
HSTORE s3 8 s5
MOVE s5 Element_GetAge
HSTORE s3 4 s5
MOVE s5 Element_Init
HSTORE s3 0 s5
MOVE v0 4
MOVE s5 v0
MOVE s6 s5
L41
MOVE v0 15
MOVE s5 v0
MOVE v0 LE s6 s5
MOVE s7 v0
CJUMP s7 L42
MOVE v0 PLUS s4 s6
MOVE s5 v0
MOVE v0 0
MOVE s7 v0
HSTORE s5 0 s7
MOVE v0 4
MOVE s5 v0
MOVE v0 PLUS s6 s5
MOVE s7 v0
MOVE s6 s7
JUMP L41
L42
HSTORE s4 0 s3
MOVE s3 s4
MOVE s4 s3
HLOAD s5 s4 0
HLOAD s6 s5 0
MOVE v0 27
MOVE s5 v0
MOVE v0 34000
MOVE s7 v0
MOVE v0 0
MOVE t0 v0
ASTORE SPILLEDARG 9 t0
ASTORE SPILLEDARG 10 t1
ASTORE SPILLEDARG 11 t2
ASTORE SPILLEDARG 12 t3
ASTORE SPILLEDARG 13 t4
ASTORE SPILLEDARG 14 t5
ASTORE SPILLEDARG 15 t6
ASTORE SPILLEDARG 16 t7
ASTORE SPILLEDARG 17 t8
ASTORE SPILLEDARG 18 t9
MOVE a0 s4
PASSARG 1 s4
MOVE a1 s5
PASSARG 2 s5
MOVE a2 s7
PASSARG 3 s7
MOVE a3 t0
PASSARG 4 t0
CALL s6
ALOAD t0 SPILLEDARG 9
ALOAD t1 SPILLEDARG 10
ALOAD t2 SPILLEDARG 11
ALOAD t3 SPILLEDARG 12
ALOAD t4 SPILLEDARG 13
ALOAD t5 SPILLEDARG 14
ALOAD t6 SPILLEDARG 15
ALOAD t7 SPILLEDARG 16
ALOAD t8 SPILLEDARG 17
ALOAD t9 SPILLEDARG 18
MOVE v1 v0
MOVE t1 v1
MOVE s4 s1
HLOAD s5 s4 0
HLOAD s6 s5 20
ASTORE SPILLEDARG 9 t0
ASTORE SPILLEDARG 10 t1
ASTORE SPILLEDARG 11 t2
ASTORE SPILLEDARG 12 t3
ASTORE SPILLEDARG 13 t4
ASTORE SPILLEDARG 14 t5
ASTORE SPILLEDARG 15 t6
ASTORE SPILLEDARG 16 t7
ASTORE SPILLEDARG 17 t8
ASTORE SPILLEDARG 18 t9
MOVE a0 s4
PASSARG 1 s4
MOVE a1 s2
PASSARG 2 s2
CALL s6
ALOAD t0 SPILLEDARG 9
ALOAD t1 SPILLEDARG 10
ALOAD t2 SPILLEDARG 11
ALOAD t3 SPILLEDARG 12
ALOAD t4 SPILLEDARG 13
ALOAD t5 SPILLEDARG 14
ALOAD t6 SPILLEDARG 15
ALOAD t7 SPILLEDARG 16
ALOAD t8 SPILLEDARG 17
ALOAD t9 SPILLEDARG 18
MOVE v1 v0
MOVE s5 v1
PRINT s5
MOVE s4 s1
HLOAD s5 s4 0
HLOAD s6 s5 20
ASTORE SPILLEDARG 9 t0
ASTORE SPILLEDARG 10 t1
ASTORE SPILLEDARG 11 t2
ASTORE SPILLEDARG 12 t3
ASTORE SPILLEDARG 13 t4
ASTORE SPILLEDARG 14 t5
ASTORE SPILLEDARG 15 t6
ASTORE SPILLEDARG 16 t7
ASTORE SPILLEDARG 17 t8
ASTORE SPILLEDARG 18 t9
MOVE a0 s4
PASSARG 1 s4
MOVE a1 s3
PASSARG 2 s3
CALL s6
ALOAD t0 SPILLEDARG 9
ALOAD t1 SPILLEDARG 10
ALOAD t2 SPILLEDARG 11
ALOAD t3 SPILLEDARG 12
ALOAD t4 SPILLEDARG 13
ALOAD t5 SPILLEDARG 14
ALOAD t6 SPILLEDARG 15
ALOAD t7 SPILLEDARG 16
ALOAD t8 SPILLEDARG 17
ALOAD t9 SPILLEDARG 18
MOVE v1 v0
MOVE s5 v1
PRINT s5
MOVE v0 10000000
MOVE s3 v0
PRINT s3
MOVE v0 24
MOVE s3 v0
MOVE v0 HALLOCATE s3
MOVE s4 v0
MOVE s3 s4
MOVE v0 16
MOVE s4 v0
MOVE v0 HALLOCATE s4
MOVE s5 v0
MOVE s4 s5
MOVE s5 Element_Compare
HSTORE s3 20 s5
MOVE s5 Element_Equal
HSTORE s3 16 s5
MOVE s5 Element_GetMarried
HSTORE s3 12 s5
MOVE s5 Element_GetSalary
HSTORE s3 8 s5
MOVE s5 Element_GetAge
HSTORE s3 4 s5
MOVE s5 Element_Init
HSTORE s3 0 s5
MOVE v0 4
MOVE s5 v0
MOVE s6 s5
L43
MOVE v0 15
MOVE s5 v0
MOVE v0 LE s6 s5
MOVE s7 v0
CJUMP s7 L44
MOVE v0 PLUS s4 s6
MOVE s5 v0
MOVE v0 0
MOVE s7 v0
HSTORE s5 0 s7
MOVE v0 4
MOVE s5 v0
MOVE v0 PLUS s6 s5
MOVE s7 v0
MOVE s6 s7
JUMP L43
L44
HSTORE s4 0 s3
MOVE s0 s4
MOVE s3 s0
HLOAD s4 s3 0
HLOAD s5 s4 0
MOVE v0 28
MOVE s4 v0
MOVE v0 35000
MOVE s6 v0
MOVE v0 0
MOVE s7 v0
ASTORE SPILLEDARG 9 t0
ASTORE SPILLEDARG 10 t1
ASTORE SPILLEDARG 11 t2
ASTORE SPILLEDARG 12 t3
ASTORE SPILLEDARG 13 t4
ASTORE SPILLEDARG 14 t5
ASTORE SPILLEDARG 15 t6
ASTORE SPILLEDARG 16 t7
ASTORE SPILLEDARG 17 t8
ASTORE SPILLEDARG 18 t9
MOVE a0 s3
PASSARG 1 s3
MOVE a1 s4
PASSARG 2 s4
MOVE a2 s6
PASSARG 3 s6
MOVE a3 s7
PASSARG 4 s7
CALL s5
ALOAD t0 SPILLEDARG 9
ALOAD t1 SPILLEDARG 10
ALOAD t2 SPILLEDARG 11
ALOAD t3 SPILLEDARG 12
ALOAD t4 SPILLEDARG 13
ALOAD t5 SPILLEDARG 14
ALOAD t6 SPILLEDARG 15
ALOAD t7 SPILLEDARG 16
ALOAD t8 SPILLEDARG 17
ALOAD t9 SPILLEDARG 18
MOVE v1 v0
MOVE t0 v1
MOVE s3 s1
HLOAD s4 s3 0
HLOAD s5 s4 8
ASTORE SPILLEDARG 9 t0
ASTORE SPILLEDARG 10 t1
ASTORE SPILLEDARG 11 t2
ASTORE SPILLEDARG 12 t3
ASTORE SPILLEDARG 13 t4
ASTORE SPILLEDARG 14 t5
ASTORE SPILLEDARG 15 t6
ASTORE SPILLEDARG 16 t7
ASTORE SPILLEDARG 17 t8
ASTORE SPILLEDARG 18 t9
MOVE a0 s3
PASSARG 1 s3
MOVE a1 s0
PASSARG 2 s0
CALL s5
ALOAD t0 SPILLEDARG 9
ALOAD t1 SPILLEDARG 10
ALOAD t2 SPILLEDARG 11
ALOAD t3 SPILLEDARG 12
ALOAD t4 SPILLEDARG 13
ALOAD t5 SPILLEDARG 14
ALOAD t6 SPILLEDARG 15
ALOAD t7 SPILLEDARG 16
ALOAD t8 SPILLEDARG 17
ALOAD t9 SPILLEDARG 18
MOVE v1 v0
MOVE s4 v1
MOVE s1 s4
MOVE s3 s1
HLOAD s4 s3 0
HLOAD s5 s4 36
ASTORE SPILLEDARG 9 t0
ASTORE SPILLEDARG 10 t1
ASTORE SPILLEDARG 11 t2
ASTORE SPILLEDARG 12 t3
ASTORE SPILLEDARG 13 t4
ASTORE SPILLEDARG 14 t5
ASTORE SPILLEDARG 15 t6
ASTORE SPILLEDARG 16 t7
ASTORE SPILLEDARG 17 t8
ASTORE SPILLEDARG 18 t9
MOVE a0 s3
PASSARG 1 s3
CALL s5
ALOAD t0 SPILLEDARG 9
ALOAD t1 SPILLEDARG 10
ALOAD t2 SPILLEDARG 11
ALOAD t3 SPILLEDARG 12
ALOAD t4 SPILLEDARG 13
ALOAD t5 SPILLEDARG 14
ALOAD t6 SPILLEDARG 15
ALOAD t7 SPILLEDARG 16
ALOAD t8 SPILLEDARG 17
ALOAD t9 SPILLEDARG 18
MOVE v1 v0
MOVE s4 v1
MOVE v0 2220000
MOVE s3 v0
PRINT s3
MOVE s3 s1
HLOAD s4 s3 0
HLOAD s5 s4 16
ASTORE SPILLEDARG 9 t0
ASTORE SPILLEDARG 10 t1
ASTORE SPILLEDARG 11 t2
ASTORE SPILLEDARG 12 t3
ASTORE SPILLEDARG 13 t4
ASTORE SPILLEDARG 14 t5
ASTORE SPILLEDARG 15 t6
ASTORE SPILLEDARG 16 t7
ASTORE SPILLEDARG 17 t8
ASTORE SPILLEDARG 18 t9
MOVE a0 s3
PASSARG 1 s3
MOVE a1 s2
PASSARG 2 s2
CALL s5
ALOAD t0 SPILLEDARG 9
ALOAD t1 SPILLEDARG 10
ALOAD t2 SPILLEDARG 11
ALOAD t3 SPILLEDARG 12
ALOAD t4 SPILLEDARG 13
ALOAD t5 SPILLEDARG 14
ALOAD t6 SPILLEDARG 15
ALOAD t7 SPILLEDARG 16
ALOAD t8 SPILLEDARG 17
ALOAD t9 SPILLEDARG 18
MOVE v1 v0
MOVE s4 v1
MOVE s1 s4
MOVE s2 s1
HLOAD s3 s2 0
HLOAD s4 s3 36
ASTORE SPILLEDARG 9 t0
ASTORE SPILLEDARG 10 t1
ASTORE SPILLEDARG 11 t2
ASTORE SPILLEDARG 12 t3
ASTORE SPILLEDARG 13 t4
ASTORE SPILLEDARG 14 t5
ASTORE SPILLEDARG 15 t6
ASTORE SPILLEDARG 16 t7
ASTORE SPILLEDARG 17 t8
ASTORE SPILLEDARG 18 t9
MOVE a0 s2
PASSARG 1 s2
CALL s4
ALOAD t0 SPILLEDARG 9
ALOAD t1 SPILLEDARG 10
ALOAD t2 SPILLEDARG 11
ALOAD t3 SPILLEDARG 12
ALOAD t4 SPILLEDARG 13
ALOAD t5 SPILLEDARG 14
ALOAD t6 SPILLEDARG 15
ALOAD t7 SPILLEDARG 16
ALOAD t8 SPILLEDARG 17
ALOAD t9 SPILLEDARG 18
MOVE v1 v0
MOVE s3 v1
MOVE v0 33300000
MOVE s2 v0
PRINT s2
MOVE s2 s1
HLOAD s3 s2 0
HLOAD s4 s3 16
ASTORE SPILLEDARG 9 t0
ASTORE SPILLEDARG 10 t1
ASTORE SPILLEDARG 11 t2
ASTORE SPILLEDARG 12 t3
ASTORE SPILLEDARG 13 t4
ASTORE SPILLEDARG 14 t5
ASTORE SPILLEDARG 15 t6
ASTORE SPILLEDARG 16 t7
ASTORE SPILLEDARG 17 t8
ASTORE SPILLEDARG 18 t9
MOVE a0 s2
PASSARG 1 s2
MOVE a1 s0
PASSARG 2 s0
CALL s4
ALOAD t0 SPILLEDARG 9
ALOAD t1 SPILLEDARG 10
ALOAD t2 SPILLEDARG 11
ALOAD t3 SPILLEDARG 12
ALOAD t4 SPILLEDARG 13
ALOAD t5 SPILLEDARG 14
ALOAD t6 SPILLEDARG 15
ALOAD t7 SPILLEDARG 16
ALOAD t8 SPILLEDARG 17
ALOAD t9 SPILLEDARG 18
MOVE v1 v0
MOVE s3 v1
MOVE s1 s3
MOVE s0 s1
HLOAD s1 s0 0
HLOAD s2 s1 36
ASTORE SPILLEDARG 9 t0
ASTORE SPILLEDARG 10 t1
ASTORE SPILLEDARG 11 t2
ASTORE SPILLEDARG 12 t3
ASTORE SPILLEDARG 13 t4
ASTORE SPILLEDARG 14 t5
ASTORE SPILLEDARG 15 t6
ASTORE SPILLEDARG 16 t7
ASTORE SPILLEDARG 17 t8
ASTORE SPILLEDARG 18 t9
MOVE a0 s0
PASSARG 1 s0
CALL s2
ALOAD t0 SPILLEDARG 9
ALOAD t1 SPILLEDARG 10
ALOAD t2 SPILLEDARG 11
ALOAD t3 SPILLEDARG 12
ALOAD t4 SPILLEDARG 13
ALOAD t5 SPILLEDARG 14
ALOAD t6 SPILLEDARG 15
ALOAD t7 SPILLEDARG 16
ALOAD t8 SPILLEDARG 17
ALOAD t9 SPILLEDARG 18
MOVE v1 v0
MOVE s1 v1
MOVE v0 44440000
MOVE s0 v0
PRINT s0
MOVE v0 0
MOVE s0 v0
MOVE v0 s0
ALOAD s0 SPILLEDARG 1
ALOAD s1 SPILLEDARG 2
ALOAD s2 SPILLEDARG 3
ALOAD s3 SPILLEDARG 4
ALOAD s4 SPILLEDARG 5
ALOAD s5 SPILLEDARG 6
ALOAD s6 SPILLEDARG 7
ALOAD s7 SPILLEDARG 8
END
//NOTSPILLED

